<?xml version="1.0" encoding="UTF-8"?>
<!-- Generated by org.testng.reporters.JUnitXMLReporter -->
<testsuite ignored="0" hostname="Ashish" failures="0" tests="3" name="Default test" time="25.512" errors="0" timestamp="2024-10-16T01:32:55 IST">
  <testcase classname="testcases.loginTest" name="navigation" time="9.522"/>
  <testcase classname="testcases.loginTest" name="navigation" time="7.623"/>
  <testcase classname="testcases.loginTest" name="navigation" time="7.43"/>
</testsuite> <!-- Default test -->
