<?xml version="1.0" encoding="UTF-8"?>
<testng-results ignored="0" total="3" passed="3" failed="0" skipped="0">
  <reporter-output>
  </reporter-output>
  <suite started-at="2024-10-16T01:38:46 IST" name="Suite" finished-at="2024-10-16T01:39:07 IST" duration-ms="20412">
    <groups>
    </groups>
    <test started-at="2024-10-16T01:38:46 IST" name="Test" finished-at="2024-10-16T01:39:07 IST" duration-ms="20412">
      <class name="testcases.loginTest">
        <test-method signature="navigation(java.lang.String,java.lang.String)[pri:0, instance:testcases.loginTest@1500b2f3]" started-at="2024-10-16T01:38:47 IST" name="navigation" data-provider="getData" finished-at="2024-10-16T01:38:54 IST" duration-ms="6733" status="PASS">
          <params>
            <param index="0">
              <value>
                <![CDATA[ashish@gmail.com]]>
              </value>
            </param>
            <param index="1">
              <value>
                <![CDATA[Test@1234]]>
              </value>
            </param>
          </params>
          <reporter-output>
          </reporter-output>
        </test-method> <!-- navigation -->
        <test-method signature="navigation(java.lang.String,java.lang.String)[pri:0, instance:testcases.loginTest@1500b2f3]" started-at="2024-10-16T01:38:54 IST" name="navigation" data-provider="getData" finished-at="2024-10-16T01:39:00 IST" duration-ms="5597" status="PASS">
          <params>
            <param index="0">
              <value>
                <![CDATA[user@gmail.com]]>
              </value>
            </param>
            <param index="1">
              <value>
                <![CDATA[Test@1234]]>
              </value>
            </param>
          </params>
          <reporter-output>
          </reporter-output>
        </test-method> <!-- navigation -->
        <test-method signature="navigation(java.lang.String,java.lang.String)[pri:0, instance:testcases.loginTest@1500b2f3]" started-at="2024-10-16T01:39:00 IST" name="navigation" data-provider="getData" finished-at="2024-10-16T01:39:06 IST" duration-ms="5816" status="PASS">
          <params>
            <param index="0">
              <value>
                <![CDATA[test@gmail.com]]>
              </value>
            </param>
            <param index="1">
              <value>
                <![CDATA[Test@1234]]>
              </value>
            </param>
          </params>
          <reporter-output>
          </reporter-output>
        </test-method> <!-- navigation -->
      </class> <!-- testcases.loginTest -->
    </test> <!-- Test -->
  </suite> <!-- Suite -->
</testng-results>
