<?xml version="1.0" encoding="UTF-8"?>
<testng-results ignored="0" total="3" passed="3" failed="0" skipped="0">
  <reporter-output>
  </reporter-output>
  <suite started-at="2024-10-16T01:32:30 IST" name="Default suite" finished-at="2024-10-16T01:32:55 IST" duration-ms="25512">
    <groups>
    </groups>
    <test started-at="2024-10-16T01:32:30 IST" name="Default test" finished-at="2024-10-16T01:32:55 IST" duration-ms="25512">
      <class name="testcases.loginTest">
        <test-method signature="navigation(java.lang.String,java.lang.String)[pri:0, instance:testcases.loginTest@bccb269]" started-at="2024-10-16T01:32:31 IST" name="navigation" data-provider="getData" finished-at="2024-10-16T01:32:40 IST" duration-ms="9522" status="PASS">
          <params>
            <param index="0">
              <value>
                <![CDATA[user@gmail.com]]>
              </value>
            </param>
            <param index="1">
              <value>
                <![CDATA[Test@1234]]>
              </value>
            </param>
          </params>
          <reporter-output>
          </reporter-output>
        </test-method> <!-- navigation -->
        <test-method signature="navigation(java.lang.String,java.lang.String)[pri:0, instance:testcases.loginTest@bccb269]" started-at="2024-10-16T01:32:40 IST" name="navigation" data-provider="getData" finished-at="2024-10-16T01:32:48 IST" duration-ms="7623" status="PASS">
          <params>
            <param index="0">
              <value>
                <![CDATA[user@gmail.com]]>
              </value>
            </param>
            <param index="1">
              <value>
                <![CDATA[Test@1234]]>
              </value>
            </param>
          </params>
          <reporter-output>
          </reporter-output>
        </test-method> <!-- navigation -->
        <test-method signature="navigation(java.lang.String,java.lang.String)[pri:0, instance:testcases.loginTest@bccb269]" started-at="2024-10-16T01:32:48 IST" name="navigation" data-provider="getData" finished-at="2024-10-16T01:32:55 IST" duration-ms="7430" status="PASS">
          <params>
            <param index="0">
              <value>
                <![CDATA[user@gmail.com]]>
              </value>
            </param>
            <param index="1">
              <value>
                <![CDATA[Test@1234]]>
              </value>
            </param>
          </params>
          <reporter-output>
          </reporter-output>
        </test-method> <!-- navigation -->
      </class> <!-- testcases.loginTest -->
    </test> <!-- Default test -->
  </suite> <!-- Default suite -->
</testng-results>
